sheetsService.ts:65 📊 Dados brutos da planilha: (60) [Array(8), Array(6), Array(8), Array(8), Array(8), Array(8), Array(8), Array(8), Array(8), Array(8), Array(8), Array(8), Array(8), Array(8), Array(6), Array(8), Array(8), Array(8), Array(8), Array(8), Array(8), Array(8), Array(8), Array(8), Array(8), Array(8), Array(2), Array(8), Array(8), Array(2), Array(8), Array(8), Array(8), Array(8), Array(8), Array(8), Array(8), Array(8), Array(8), Array(8), Array(8), Array(6), Array(6), Array(6), Array(6), Array(6), Array(6), Array(6), Array(6), Array(6), Array(6), Array(6), Array(6), Array(6), Array(6), Array(6), Array(6), Array(6), Array(6), Array(6)]0: (8) ['162001', 'CHAVE SECCIONADORA TERMOPLASTICO TRIPOLAR LIGA/DESLIGA 25A - LB 225 B33 YR TOPO', 'SCHMERSAL', 'ELÉTRICA', '2', '6', '', 'OK']1: (6) ['162036', 'CHAVE SECCIONADORA TRIPOLAR LB 116 B40 YR TOPO', 'SCHMERSAL', 'ELÉTRICA', '2', '6']2: (8) ['11710001900', 'GRELHA EXAUSTORA PFBA 10.000 IP54 RAL7032', '', 'ÉLÉTRICA', '5', '10', '', 'OK']3: (8) ['3SB69000HB.REV002', 'PLAQUETA IDENTIFICACAO P/ BOTAO 3SB 25X18MM', 'SIEMENS', 'ELÉTRICA', '25', '100', '', 'OK']4: (8) ['AC22810903', 'DISCO DE CORTE 115X1.0X22 23 AR102', '', 'USINAGEM', '5', '10', '', 'OK']5: (8) ['1224412080', "DISCO FLAP 4.1/2'' GRÃO 80", 'HAVOC ECO', 'USINAGEM', '10', '50', '', 'OK']6: (8) ['1224412120', "DISCO FLAP 4.1/2'' GRÃO 120", 'HAVOC ECO', 'USINAGEM', '10', '50', '', 'OK']7: (8) ['XA2EW36B1', 'BOTAO DE IMPULSO COM SINALEIRO AZUL 24VDC 1NA', 'SCHINEIDER', 'ELÉTRICA', '5', '10', '', 'OK']8: (8) ['807138', 'SENSOR MAGNÉTICO BANNER (807138) ATIVADOR', 'BANNER', 'ELÉTRICA', '10', '60', '', 'OK']9: (8) ['807139', 'SENSOR MAGNÉTICO BANNER (807139)', 'BANNER', 'ELÉTRICA', '10', '60', '', 'OK']10: (8) ['CAB10025PT', 'ABRAÇADEIRA DE NYLON 100X2,5MM PRETA PCT 100 PÇS', '', 'ELÉTRICA', '500', '1000', '', 'OK']11: (8) ['CAB30048PT', 'ABRAÇADEIRA DE  NYLON  300X4.8MM PRETA PCT 100 PÇS', '', 'ELÉTRICA', '500', '1000', '', 'OK']12: (8) ['OPVC-OZ2X0,5', 'CABO MULTIVIAS 2G0,50', '', 'ELÉTRICA', '20', '100', '', 'OK']13: (8) ['OPVC-JZ3G0,75', 'CABO MULTIVIAS 3G0,75', '', 'ELÉTRICA', '20', '100', '', 'OK']14: (6) ['', 'CABO MULTIVIAS 3G2,50', '', 'ELÉTRICA', '20', '100']15: (8) ['OPVC-JZ4G0,75', 'CABO MULTIVIAS 4G0,75mm', '', 'ELÉTRICA', '20', '100', '', 'OK']16: (8) ['OPVC-JZ5G0,75', 'CABO MULTIVIAS 5G0,75', '', 'ELÉTRICA', '20', '100', '', 'OK']17: (8) ['OPVC-JZ7G0,75', 'CABO MULTIVIAS 7G0,75', '', 'ELÉTRICA', '20', '100', '', 'OK']18: (8) ['OPVC-JZ7G2,5', 'CABO MULTIVIAS 7G2,5', '', 'ELÉTRICA', '20', '100', '', 'OK']19: (8) ['OPVC-JZ12G0,75', 'CABO MULTIVIAS 12G0,75', '', 'ELÉTRICA', '20', '100', '', 'OK']20: (8) ['OPVC-JZ18G0,75', 'CABO MULTIVIAS 18G0,75', '', 'ELÉTRICA', '20', '100', '', 'OK']21: (8) ['NM247-3 0,75 AZ', 'CABO FLEX 750V 0,75MM AZ/ESC 70G CL4 NM247-3 - RL200', '', 'ELÉTRICA', '200', '1000', '', 'OK']22: (8) ['NM247-3 1,5 V/A', 'CABO FLEX 750V 1,50MM V/A 70G CL4 NM247-3', '', 'ELÉTRICA', '1', '3', '', 'OK']23: (8) ['NM247-3 2,5 V/A S', 'CABO FLEX 750V 2,50MM V/A 70G CL4 NM247-3', '', 'ELÉTRICA', '1', '3', '', 'OK']24: (8) ['NM247-3 1,50 PT', 'CABO FLEX 750V 1,5 PRETO 70G CL4 NM247-3', '', 'ELÉTRICA', '1', '3', '', 'OK']25: (8) ['NM247-3 2,5', 'CABO FLEX 750V 2,50MM PT 70G CL4 NM247-3', '', 'ELÉTRICA', '1', '3', '', 'OK']26: (2) ['', '1.50 LARANJA']27: (8) ['NM247-3 2,5 LJ', 'CABO FLEX 750V 2,50MM LJ 70G CL4 NM247-3 - SIL', '', 'ELÉTRICA', '1', '3', '', 'OK']28: (8) ['NM247-1X1,5MM  AZ CL', 'CABO FLEX 750V 1 1,5 MM AZ/CL  NM247-2 - RL100', '', 'ELÉTRICA', '1', '3', '', 'OK']29: (2) ['', '2.50 AZUL CLARO']30: (8) ['25292', 'FECHO LING STD MANOP YALE A=30', 'TASCO', 'ELÉTRICA', '5', '10', '', 'OK']31: (8) ['AC20340500', 'PUXADOR ALÇA DE NYLON - AN 130 - FURO-112MM', '', 'MECÂNICA', '20', '50', '', 'OK']32: (8) ['AC20074501', 'DOBRADIÇA PLANA ABERTURA 40X40', 'TASCO', 'MECÂNICA', '20', '60', '', 'ok']33: (8) ['788-384', 'MODULO DE RELES ENTRADA 24 VDC 2 CONTATOS REVERSIVEIS', 'WAGO', 'ELÉTRICA', '10', '25', '', 'OK']34: (8) ['SA-SB1', 'CAIXA DE ALUMINIO QUADRADA C/1 FUROS DE 22MM', 'AUTONICS', 'ELÉTRICA', '6', '12', '', 'OK']35: (8) ['SA-SB2', 'CAIXA DE ALUMINIO QUADRADA C/2 FUROS DE 22MM', 'AUTONICS', 'ELÉTRICA', '6', '12', '', 'OK']36: (8) ['SA-SB3', 'CAIXA DE ALUMINIO QUADRADA C/3 FUROS DE 22MM', 'AUTONICS', 'ELÉTRICA', '6', '12', '', 'OK']37: (8) ['SA-SB4', 'CAIXA DE ALUMINIO QUADRADA C/4 FUROS DE 22MM', 'AUTONICS', 'ELÉTRICA', '6', '12', '', 'OK']38: (8) ['SA-SB5', 'CAIXA DE ALUMINIO QUADRADA C/5 FUROS DE 22MM', 'AUTONICS', 'ELÉTRICA', '6', '12', '', 'OK']39: (8) ['210-804', 'ETIQUETA 99X44MM PRATEADO', 'WAGO', 'ELÉTRICA', '2', '5', '', 'OK']40: (8) ['PANW10/AD13PT', 'CONDUITE PA6 NW10 RL50 PRETO', 'GLOBAL', 'ELÉTRICA', '300', '1000', '', 'OK']41: (6) ['XA2EG21', 'CHAVE SELETORA COM CHAVE 2 POSIÇÕES 1NA', 'SCHINEIDER', 'ELÉTRICA', '2', '6']42: (6) ['XA2EG03', 'CHAVE SELETORA COM CHAVE 3 POSIÇÕES 2 NA', 'SCHINEIDER', 'ELÉTRICA', '2', '6']43: (6) ['XA2ED21', 'CHAVE SELETORA 2 POSIÇÕES FIXA 1NA', 'SCHINEIDER', 'ELÉTRICA', '5', '10']44: (6) ['XA2ED33', 'CHAVE SELETORA 3 POSIÇÕES FIXA 2NA', 'SCHINEIDER', 'ELÉTRICA', '5', '10']45: (6) ['210-850', 'Identificador de botão de pressão; 26,5 x 18 mm; prateado', 'WAGO', 'ELÉTRICA', '1', '3']46: (6) ['TLFX 32YE 3:1', 'MARCADOR TERMORETRATIL TLFX 32YE 3:1 AMARELO LISO', 'HELLERMAN', 'ELÉTRICA', '1', '2']47: (6) ['13625403', 'RELE DE SEGURANCA ELETROMECANICO 250G RETANGULAR 24VAC/DC  - SRB 301MC', 'SCHMERSAL', 'ELÉTRICA', '5', '10']48: (6) ['2009-110', 'ROLO DE FAIXAS DE IDENTIFICAÇÃO 50M - TIPO ENCAIXE - MARKING STRIP', 'WAGO', 'ELÉTRICA', '1', '2']49: (6) ['VD-410', 'REBITE ALUMINIO 4,00 X 10MM', '', 'ELÉTRICA', '1000', '3000']50: (6) ['TI-0,75S', 'TERMINAL ELETRICO ILHOS SIMPLES 0,75MM CINZA', '', 'ELÉTRICA', '1000', '3000']51: (6) ['AC22810903', 'DISCO DE CORTE 115X1.0X22 23 AR102', '', 'SERRALHERIA', '10', '30']52: (6) ['800101-0015', 'SERRA FITA 1/2 X 0,25 - DENTE 14-18 TPI - 1,64M', '', 'SERRALHERIA', '5', '10']53: (6) ['AC2024BOLHA', 'PLASTICO BOLHA', '', 'EMBALAGEM', '3', '6']54: (6) ['6020-REV1', 'ROLO FILME STRECH 500MM X  25MM', '', 'EMBALAGEM', '3', '6']55: (6) ['TI-0,75', 'TERMINAL ELETRICO ILHOS DUPLO CABO 2 X 0,75MM2 TAMANHO 8MM CINZA', '', 'ELÉTRICA', '1000', '3000']56: (6) ['XA2EC42', 'BOTÃO DE IMPULSO TIPO COGUMELO VM 1NF', 'SCHNEIDER', 'ELÉTRICA', '3', '5']57: (6) ['XA2EC31', 'BOTÃO DE IMPULSO TIPO COGUMELO VD 1NA', 'SCHNEIDER', 'ELÉTRICA', '3', '5']58: (6) ['787-712', 'FONTE DE ALIMENTAÇÃO 24VDC 2,5A', 'WAGO', 'ELÉTRICA', '10', '20']59: (6) ['787-1712', 'FONTE DE ALIMENTAÇÃO TENSÃO 24VDC 2,5 A ECO', 'WAGO', 'ELÉTRICA', '5', '10']length: 60[[Prototype]]: Array(0)
sheetsService.ts:66 📊 Primeira linha: (8) ['162001', 'CHAVE SECCIONADORA TERMOPLASTICO TRIPOLAR LIGA/DESLIGA 25A - LB 225 B33 YR TOPO', 'SCHMERSAL', 'ELÉTRICA', '2', '6', '', 'OK']0: "162001"1: "CHAVE SECCIONADORA TERMOPLASTICO TRIPOLAR LIGA/DESLIGA 25A - LB 225 B33 YR TOPO"2: "SCHMERSAL"3: "ELÉTRICA"4: "2"5: "6"6: ""7: "OK"length: 8[[Prototype]]: Array(0)
sheetsService.ts:81 📊 Linha 2 normalizada: (17) ['162001', 'CHAVE SECCIONADORA TERMOPLASTICO TRIPOLAR LIGA/DESLIGA 25A - LB 225 B33 YR TOPO', 'SCHMERSAL', 'ELÉTRICA', '2', '6', '', 'OK', '', '', '', '', '', '', '', '', '']
sheetsService.ts:81 📊 Linha 3 normalizada: (17) ['162036', 'CHAVE SECCIONADORA TRIPOLAR LB 116 B40 YR TOPO', 'SCHMERSAL', 'ELÉTRICA', '2', '6', '', '', '', '', '', '', '', '', '', '', '']
sheetsService.ts:81 📊 Linha 4 normalizada: (17) ['11710001900', 'GRELHA EXAUSTORA PFBA 10.000 IP54 RAL7032', '', 'ÉLÉTRICA', '5', '10', '', 'OK', '', '', '', '', '', '', '', '', '']
sheetsService.ts:81 📊 Linha 5 normalizada: (17) ['3SB69000HB.REV002', 'PLAQUETA IDENTIFICACAO P/ BOTAO 3SB 25X18MM', 'SIEMENS', 'ELÉTRICA', '25', '100', '', 'OK', '', '', '', '', '', '', '', '', '']
sheetsService.ts:81 📊 Linha 6 normalizada: (17) ['AC22810903', 'DISCO DE CORTE 115X1.0X22 23 AR102', '', 'USINAGEM', '5', '10', '', 'OK', '', '', '', '', '', '', '', '', '']
sheetsService.ts:81 📊 Linha 7 normalizada: (17) ['1224412080', "DISCO FLAP 4.1/2'' GRÃO 80", 'HAVOC ECO', 'USINAGEM', '10', '50', '', 'OK', '', '', '', '', '', '', '', '', '']
sheetsService.ts:81 📊 Linha 8 normalizada: (17) ['1224412120', "DISCO FLAP 4.1/2'' GRÃO 120", 'HAVOC ECO', 'USINAGEM', '10', '50', '', 'OK', '', '', '', '', '', '', '', '', '']
sheetsService.ts:81 📊 Linha 9 normalizada: (17) ['XA2EW36B1', 'BOTAO DE IMPULSO COM SINALEIRO AZUL 24VDC 1NA', 'SCHINEIDER', 'ELÉTRICA', '5', '10', '', 'OK', '', '', '', '', '', '', '', '', '']
sheetsService.ts:81 📊 Linha 10 normalizada: (17) ['807138', 'SENSOR MAGNÉTICO BANNER (807138) ATIVADOR', 'BANNER', 'ELÉTRICA', '10', '60', '', 'OK', '', '', '', '', '', '', '', '', '']
sheetsService.ts:81 📊 Linha 11 normalizada: (17) ['807139', 'SENSOR MAGNÉTICO BANNER (807139)', 'BANNER', 'ELÉTRICA', '10', '60', '', 'OK', '', '', '', '', '', '', '', '', '']
sheetsService.ts:81 📊 Linha 12 normalizada: (17) ['CAB10025PT', 'ABRAÇADEIRA DE NYLON 100X2,5MM PRETA PCT 100 PÇS', '', 'ELÉTRICA', '500', '1000', '', 'OK', '', '', '', '', '', '', '', '', '']
sheetsService.ts:81 📊 Linha 13 normalizada: (17) ['CAB30048PT', 'ABRAÇADEIRA DE  NYLON  300X4.8MM PRETA PCT 100 PÇS', '', 'ELÉTRICA', '500', '1000', '', 'OK', '', '', '', '', '', '', '', '', '']
sheetsService.ts:81 📊 Linha 14 normalizada: (17) ['OPVC-OZ2X0,5', 'CABO MULTIVIAS 2G0,50', '', 'ELÉTRICA', '20', '100', '', 'OK', '', '', '', '', '', '', '', '', '']
sheetsService.ts:81 📊 Linha 15 normalizada: (17) ['OPVC-JZ3G0,75', 'CABO MULTIVIAS 3G0,75', '', 'ELÉTRICA', '20', '100', '', 'OK', '', '', '', '', '', '', '', '', '']
sheetsService.ts:81 📊 Linha 16 normalizada: (17) ['', 'CABO MULTIVIAS 3G2,50', '', 'ELÉTRICA', '20', '100', '', '', '', '', '', '', '', '', '', '', '']
sheetsService.ts:81 📊 Linha 17 normalizada: (17) ['OPVC-JZ4G0,75', 'CABO MULTIVIAS 4G0,75mm', '', 'ELÉTRICA', '20', '100', '', 'OK', '', '', '', '', '', '', '', '', '']
sheetsService.ts:81 📊 Linha 18 normalizada: (17) ['OPVC-JZ5G0,75', 'CABO MULTIVIAS 5G0,75', '', 'ELÉTRICA', '20', '100', '', 'OK', '', '', '', '', '', '', '', '', '']
sheetsService.ts:81 📊 Linha 19 normalizada: (17) ['OPVC-JZ7G0,75', 'CABO MULTIVIAS 7G0,75', '', 'ELÉTRICA', '20', '100', '', 'OK', '', '', '', '', '', '', '', '', '']
sheetsService.ts:81 📊 Linha 20 normalizada: (17) ['OPVC-JZ7G2,5', 'CABO MULTIVIAS 7G2,5', '', 'ELÉTRICA', '20', '100', '', 'OK', '', '', '', '', '', '', '', '', '']
sheetsService.ts:81 📊 Linha 21 normalizada: (17) ['OPVC-JZ12G0,75', 'CABO MULTIVIAS 12G0,75', '', 'ELÉTRICA', '20', '100', '', 'OK', '', '', '', '', '', '', '', '', '']
sheetsService.ts:81 📊 Linha 22 normalizada: (17) ['OPVC-JZ18G0,75', 'CABO MULTIVIAS 18G0,75', '', 'ELÉTRICA', '20', '100', '', 'OK', '', '', '', '', '', '', '', '', '']
sheetsService.ts:81 📊 Linha 23 normalizada: (17) ['NM247-3 0,75 AZ', 'CABO FLEX 750V 0,75MM AZ/ESC 70G CL4 NM247-3 - RL200', '', 'ELÉTRICA', '200', '1000', '', 'OK', '', '', '', '', '', '', '', '', '']
sheetsService.ts:81 📊 Linha 24 normalizada: (17) ['NM247-3 1,5 V/A', 'CABO FLEX 750V 1,50MM V/A 70G CL4 NM247-3', '', 'ELÉTRICA', '1', '3', '', 'OK', '', '', '', '', '', '', '', '', '']
sheetsService.ts:81 📊 Linha 25 normalizada: (17) ['NM247-3 2,5 V/A S', 'CABO FLEX 750V 2,50MM V/A 70G CL4 NM247-3', '', 'ELÉTRICA', '1', '3', '', 'OK', '', '', '', '', '', '', '', '', '']
sheetsService.ts:81 📊 Linha 26 normalizada: (17) ['NM247-3 1,50 PT', 'CABO FLEX 750V 1,5 PRETO 70G CL4 NM247-3', '', 'ELÉTRICA', '1', '3', '', 'OK', '', '', '', '', '', '', '', '', '']
sheetsService.ts:81 📊 Linha 27 normalizada: (17) ['NM247-3 2,5', 'CABO FLEX 750V 2,50MM PT 70G CL4 NM247-3', '', 'ELÉTRICA', '1', '3', '', 'OK', '', '', '', '', '', '', '', '', '']
sheetsService.ts:81 📊 Linha 28 normalizada: (17) ['', '1.50 LARANJA', '', '', '', '', '', '', '', '', '', '', '', '', '', '', '']
sheetsService.ts:81 📊 Linha 29 normalizada: (17) ['NM247-3 2,5 LJ', 'CABO FLEX 750V 2,50MM LJ 70G CL4 NM247-3 - SIL', '', 'ELÉTRICA', '1', '3', '', 'OK', '', '', '', '', '', '', '', '', '']
sheetsService.ts:81 📊 Linha 30 normalizada: (17) ['NM247-1X1,5MM  AZ CL', 'CABO FLEX 750V 1 1,5 MM AZ/CL  NM247-2 - RL100', '', 'ELÉTRICA', '1', '3', '', 'OK', '', '', '', '', '', '', '', '', '']
sheetsService.ts:81 📊 Linha 31 normalizada: (17) ['', '2.50 AZUL CLARO', '', '', '', '', '', '', '', '', '', '', '', '', '', '', '']
sheetsService.ts:81 📊 Linha 32 normalizada: (17) ['25292', 'FECHO LING STD MANOP YALE A=30', 'TASCO', 'ELÉTRICA', '5', '10', '', 'OK', '', '', '', '', '', '', '', '', '']
sheetsService.ts:81 📊 Linha 33 normalizada: (17) ['AC20340500', 'PUXADOR ALÇA DE NYLON - AN 130 - FURO-112MM', '', 'MECÂNICA', '20', '50', '', 'OK', '', '', '', '', '', '', '', '', '']
sheetsService.ts:81 📊 Linha 34 normalizada: (17) ['AC20074501', 'DOBRADIÇA PLANA ABERTURA 40X40', 'TASCO', 'MECÂNICA', '20', '60', '', 'ok', '', '', '', '', '', '', '', '', '']
sheetsService.ts:81 📊 Linha 35 normalizada: (17) ['788-384', 'MODULO DE RELES ENTRADA 24 VDC 2 CONTATOS REVERSIVEIS', 'WAGO', 'ELÉTRICA', '10', '25', '', 'OK', '', '', '', '', '', '', '', '', '']
sheetsService.ts:81 📊 Linha 36 normalizada: (17) ['SA-SB1', 'CAIXA DE ALUMINIO QUADRADA C/1 FUROS DE 22MM', 'AUTONICS', 'ELÉTRICA', '6', '12', '', 'OK', '', '', '', '', '', '', '', '', '']
sheetsService.ts:81 📊 Linha 37 normalizada: (17) ['SA-SB2', 'CAIXA DE ALUMINIO QUADRADA C/2 FUROS DE 22MM', 'AUTONICS', 'ELÉTRICA', '6', '12', '', 'OK', '', '', '', '', '', '', '', '', '']
sheetsService.ts:81 📊 Linha 38 normalizada: (17) ['SA-SB3', 'CAIXA DE ALUMINIO QUADRADA C/3 FUROS DE 22MM', 'AUTONICS', 'ELÉTRICA', '6', '12', '', 'OK', '', '', '', '', '', '', '', '', '']
sheetsService.ts:81 📊 Linha 39 normalizada: (17) ['SA-SB4', 'CAIXA DE ALUMINIO QUADRADA C/4 FUROS DE 22MM', 'AUTONICS', 'ELÉTRICA', '6', '12', '', 'OK', '', '', '', '', '', '', '', '', '']
sheetsService.ts:81 📊 Linha 40 normalizada: (17) ['SA-SB5', 'CAIXA DE ALUMINIO QUADRADA C/5 FUROS DE 22MM', 'AUTONICS', 'ELÉTRICA', '6', '12', '', 'OK', '', '', '', '', '', '', '', '', '']
sheetsService.ts:81 📊 Linha 41 normalizada: (17) ['210-804', 'ETIQUETA 99X44MM PRATEADO', 'WAGO', 'ELÉTRICA', '2', '5', '', 'OK', '', '', '', '', '', '', '', '', '']
sheetsService.ts:81 📊 Linha 42 normalizada: (17) ['PANW10/AD13PT', 'CONDUITE PA6 NW10 RL50 PRETO', 'GLOBAL', 'ELÉTRICA', '300', '1000', '', 'OK', '', '', '', '', '', '', '', '', '']
sheetsService.ts:81 📊 Linha 43 normalizada: (17) ['XA2EG21', 'CHAVE SELETORA COM CHAVE 2 POSIÇÕES 1NA', 'SCHINEIDER', 'ELÉTRICA', '2', '6', '', '', '', '', '', '', '', '', '', '', '']
sheetsService.ts:81 📊 Linha 44 normalizada: (17) ['XA2EG03', 'CHAVE SELETORA COM CHAVE 3 POSIÇÕES 2 NA', 'SCHINEIDER', 'ELÉTRICA', '2', '6', '', '', '', '', '', '', '', '', '', '', '']
sheetsService.ts:81 📊 Linha 45 normalizada: (17) ['XA2ED21', 'CHAVE SELETORA 2 POSIÇÕES FIXA 1NA', 'SCHINEIDER', 'ELÉTRICA', '5', '10', '', '', '', '', '', '', '', '', '', '', '']
sheetsService.ts:81 📊 Linha 46 normalizada: (17) ['XA2ED33', 'CHAVE SELETORA 3 POSIÇÕES FIXA 2NA', 'SCHINEIDER', 'ELÉTRICA', '5', '10', '', '', '', '', '', '', '', '', '', '', '']
sheetsService.ts:81 📊 Linha 47 normalizada: (17) ['210-850', 'Identificador de botão de pressão; 26,5 x 18 mm; prateado', 'WAGO', 'ELÉTRICA', '1', '3', '', '', '', '', '', '', '', '', '', '', '']
sheetsService.ts:81 📊 Linha 48 normalizada: (17) ['TLFX 32YE 3:1', 'MARCADOR TERMORETRATIL TLFX 32YE 3:1 AMARELO LISO', 'HELLERMAN', 'ELÉTRICA', '1', '2', '', '', '', '', '', '', '', '', '', '', '']
sheetsService.ts:81 📊 Linha 49 normalizada: (17) ['13625403', 'RELE DE SEGURANCA ELETROMECANICO 250G RETANGULAR 24VAC/DC  - SRB 301MC', 'SCHMERSAL', 'ELÉTRICA', '5', '10', '', '', '', '', '', '', '', '', '', '', '']
sheetsService.ts:81 📊 Linha 50 normalizada: (17) ['2009-110', 'ROLO DE FAIXAS DE IDENTIFICAÇÃO 50M - TIPO ENCAIXE - MARKING STRIP', 'WAGO', 'ELÉTRICA', '1', '2', '', '', '', '', '', '', '', '', '', '', '']
sheetsService.ts:81 📊 Linha 51 normalizada: (17) ['VD-410', 'REBITE ALUMINIO 4,00 X 10MM', '', 'ELÉTRICA', '1000', '3000', '', '', '', '', '', '', '', '', '', '', '']
sheetsService.ts:81 📊 Linha 52 normalizada: (17) ['TI-0,75S', 'TERMINAL ELETRICO ILHOS SIMPLES 0,75MM CINZA', '', 'ELÉTRICA', '1000', '3000', '', '', '', '', '', '', '', '', '', '', '']
sheetsService.ts:81 📊 Linha 53 normalizada: (17) ['AC22810903', 'DISCO DE CORTE 115X1.0X22 23 AR102', '', 'SERRALHERIA', '10', '30', '', '', '', '', '', '', '', '', '', '', '']
sheetsService.ts:81 📊 Linha 54 normalizada: (17) ['800101-0015', 'SERRA FITA 1/2 X 0,25 - DENTE 14-18 TPI - 1,64M', '', 'SERRALHERIA', '5', '10', '', '', '', '', '', '', '', '', '', '', '']
sheetsService.ts:81 📊 Linha 55 normalizada: (17) ['AC2024BOLHA', 'PLASTICO BOLHA', '', 'EMBALAGEM', '3', '6', '', '', '', '', '', '', '', '', '', '', '']
sheetsService.ts:81 📊 Linha 56 normalizada: (17) ['6020-REV1', 'ROLO FILME STRECH 500MM X  25MM', '', 'EMBALAGEM', '3', '6', '', '', '', '', '', '', '', '', '', '', '']
sheetsService.ts:81 📊 Linha 57 normalizada: (17) ['TI-0,75', 'TERMINAL ELETRICO ILHOS DUPLO CABO 2 X 0,75MM2 TAMANHO 8MM CINZA', '', 'ELÉTRICA', '1000', '3000', '', '', '', '', '', '', '', '', '', '', '']
sheetsService.ts:81 📊 Linha 58 normalizada: (17) ['XA2EC42', 'BOTÃO DE IMPULSO TIPO COGUMELO VM 1NF', 'SCHNEIDER', 'ELÉTRICA', '3', '5', '', '', '', '', '', '', '', '', '', '', '']
sheetsService.ts:81 📊 Linha 59 normalizada: (17) ['XA2EC31', 'BOTÃO DE IMPULSO TIPO COGUMELO VD 1NA', 'SCHNEIDER', 'ELÉTRICA', '3', '5', '', '', '', '', '', '', '', '', '', '', '']
sheetsService.ts:81 📊 Linha 60 normalizada: (17) ['787-712', 'FONTE DE ALIMENTAÇÃO 24VDC 2,5A', 'WAGO', 'ELÉTRICA', '10', '20', '', '', '', '', '', '', '', '', '', '', '']
sheetsService.ts:81 📊 Linha 61 normalizada: (17) ['787-1712', 'FONTE DE ALIMENTAÇÃO TENSÃO 24VDC 2,5 A ECO', 'WAGO', 'ELÉTRICA', '5', '10', '', '', '', '', '', '', '', '', '', '', '']
scheduler.development.js:14 [Violation]'message' handler took 170ms
sheetsService.ts:65 📊 Dados brutos da planilha: (60) [Array(8), Array(6), Array(8), Array(8), Array(8), Array(8), Array(8), Array(8), Array(8), Array(8), Array(8), Array(8), Array(8), Array(8), Array(6), Array(8), Array(8), Array(8), Array(8), Array(8), Array(8), Array(8), Array(8), Array(8), Array(8), Array(8), Array(2), Array(8), Array(8), Array(2), Array(8), Array(8), Array(8), Array(8), Array(8), Array(8), Array(8), Array(8), Array(8), Array(8), Array(8), Array(6), Array(6), Array(6), Array(6), Array(6), Array(6), Array(6), Array(6), Array(6), Array(6), Array(6), Array(6), Array(6), Array(6), Array(6), Array(6), Array(6), Array(6), Array(6)]
sheetsService.ts:66 📊 Primeira linha: (8) ['162001', 'CHAVE SECCIONADORA TERMOPLASTICO TRIPOLAR LIGA/DESLIGA 25A - LB 225 B33 YR TOPO', 'SCHMERSAL', 'ELÉTRICA', '2', '6', '', 'OK']
sheetsService.ts:81 📊 Linha 2 normalizada: (17) ['162001', 'CHAVE SECCIONADORA TERMOPLASTICO TRIPOLAR LIGA/DESLIGA 25A - LB 225 B33 YR TOPO', 'SCHMERSAL', 'ELÉTRICA', '2', '6', '', 'OK', '', '', '', '', '', '', '', '', '']
sheetsService.ts:81 📊 Linha 3 normalizada: (17) ['162036', 'CHAVE SECCIONADORA TRIPOLAR LB 116 B40 YR TOPO', 'SCHMERSAL', 'ELÉTRICA', '2', '6', '', '', '', '', '', '', '', '', '', '', '']
sheetsService.ts:81 📊 Linha 4 normalizada: (17) ['11710001900', 'GRELHA EXAUSTORA PFBA 10.000 IP54 RAL7032', '', 'ÉLÉTRICA', '5', '10', '', 'OK', '', '', '', '', '', '', '', '', '']
sheetsService.ts:81 📊 Linha 5 normalizada: (17) ['3SB69000HB.REV002', 'PLAQUETA IDENTIFICACAO P/ BOTAO 3SB 25X18MM', 'SIEMENS', 'ELÉTRICA', '25', '100', '', 'OK', '', '', '', '', '', '', '', '', '']
sheetsService.ts:81 📊 Linha 6 normalizada: (17) ['AC22810903', 'DISCO DE CORTE 115X1.0X22 23 AR102', '', 'USINAGEM', '5', '10', '', 'OK', '', '', '', '', '', '', '', '', '']
sheetsService.ts:81 📊 Linha 7 normalizada: (17) ['1224412080', "DISCO FLAP 4.1/2'' GRÃO 80", 'HAVOC ECO', 'USINAGEM', '10', '50', '', 'OK', '', '', '', '', '', '', '', '', '']
sheetsService.ts:81 📊 Linha 8 normalizada: (17) ['1224412120', "DISCO FLAP 4.1/2'' GRÃO 120", 'HAVOC ECO', 'USINAGEM', '10', '50', '', 'OK', '', '', '', '', '', '', '', '', '']
sheetsService.ts:81 📊 Linha 9 normalizada: (17) ['XA2EW36B1', 'BOTAO DE IMPULSO COM SINALEIRO AZUL 24VDC 1NA', 'SCHINEIDER', 'ELÉTRICA', '5', '10', '', 'OK', '', '', '', '', '', '', '', '', '']
sheetsService.ts:81 📊 Linha 10 normalizada: (17) ['807138', 'SENSOR MAGNÉTICO BANNER (807138) ATIVADOR', 'BANNER', 'ELÉTRICA', '10', '60', '', 'OK', '', '', '', '', '', '', '', '', '']
sheetsService.ts:81 📊 Linha 11 normalizada: (17) ['807139', 'SENSOR MAGNÉTICO BANNER (807139)', 'BANNER', 'ELÉTRICA', '10', '60', '', 'OK', '', '', '', '', '', '', '', '', '']
sheetsService.ts:81 📊 Linha 12 normalizada: (17) ['CAB10025PT', 'ABRAÇADEIRA DE NYLON 100X2,5MM PRETA PCT 100 PÇS', '', 'ELÉTRICA', '500', '1000', '', 'OK', '', '', '', '', '', '', '', '', '']
sheetsService.ts:81 📊 Linha 13 normalizada: (17) ['CAB30048PT', 'ABRAÇADEIRA DE  NYLON  300X4.8MM PRETA PCT 100 PÇS', '', 'ELÉTRICA', '500', '1000', '', 'OK', '', '', '', '', '', '', '', '', '']
sheetsService.ts:81 📊 Linha 14 normalizada: (17) ['OPVC-OZ2X0,5', 'CABO MULTIVIAS 2G0,50', '', 'ELÉTRICA', '20', '100', '', 'OK', '', '', '', '', '', '', '', '', '']
sheetsService.ts:81 📊 Linha 15 normalizada: (17) ['OPVC-JZ3G0,75', 'CABO MULTIVIAS 3G0,75', '', 'ELÉTRICA', '20', '100', '', 'OK', '', '', '', '', '', '', '', '', '']
sheetsService.ts:81 📊 Linha 16 normalizada: (17) ['', 'CABO MULTIVIAS 3G2,50', '', 'ELÉTRICA', '20', '100', '', '', '', '', '', '', '', '', '', '', '']
sheetsService.ts:81 📊 Linha 17 normalizada: (17) ['OPVC-JZ4G0,75', 'CABO MULTIVIAS 4G0,75mm', '', 'ELÉTRICA', '20', '100', '', 'OK', '', '', '', '', '', '', '', '', '']
sheetsService.ts:81 📊 Linha 18 normalizada: (17) ['OPVC-JZ5G0,75', 'CABO MULTIVIAS 5G0,75', '', 'ELÉTRICA', '20', '100', '', 'OK', '', '', '', '', '', '', '', '', '']
sheetsService.ts:81 📊 Linha 19 normalizada: (17) ['OPVC-JZ7G0,75', 'CABO MULTIVIAS 7G0,75', '', 'ELÉTRICA', '20', '100', '', 'OK', '', '', '', '', '', '', '', '', '']
sheetsService.ts:81 📊 Linha 20 normalizada: (17) ['OPVC-JZ7G2,5', 'CABO MULTIVIAS 7G2,5', '', 'ELÉTRICA', '20', '100', '', 'OK', '', '', '', '', '', '', '', '', '']
sheetsService.ts:81 📊 Linha 21 normalizada: (17) ['OPVC-JZ12G0,75', 'CABO MULTIVIAS 12G0,75', '', 'ELÉTRICA', '20', '100', '', 'OK', '', '', '', '', '', '', '', '', '']
sheetsService.ts:81 📊 Linha 22 normalizada: (17) ['OPVC-JZ18G0,75', 'CABO MULTIVIAS 18G0,75', '', 'ELÉTRICA', '20', '100', '', 'OK', '', '', '', '', '', '', '', '', '']
sheetsService.ts:81 📊 Linha 23 normalizada: (17) ['NM247-3 0,75 AZ', 'CABO FLEX 750V 0,75MM AZ/ESC 70G CL4 NM247-3 - RL200', '', 'ELÉTRICA', '200', '1000', '', 'OK', '', '', '', '', '', '', '', '', '']
sheetsService.ts:81 📊 Linha 24 normalizada: (17) ['NM247-3 1,5 V/A', 'CABO FLEX 750V 1,50MM V/A 70G CL4 NM247-3', '', 'ELÉTRICA', '1', '3', '', 'OK', '', '', '', '', '', '', '', '', '']
sheetsService.ts:81 📊 Linha 25 normalizada: (17) ['NM247-3 2,5 V/A S', 'CABO FLEX 750V 2,50MM V/A 70G CL4 NM247-3', '', 'ELÉTRICA', '1', '3', '', 'OK', '', '', '', '', '', '', '', '', '']
sheetsService.ts:81 📊 Linha 26 normalizada: (17) ['NM247-3 1,50 PT', 'CABO FLEX 750V 1,5 PRETO 70G CL4 NM247-3', '', 'ELÉTRICA', '1', '3', '', 'OK', '', '', '', '', '', '', '', '', '']
sheetsService.ts:81 📊 Linha 27 normalizada: (17) ['NM247-3 2,5', 'CABO FLEX 750V 2,50MM PT 70G CL4 NM247-3', '', 'ELÉTRICA', '1', '3', '', 'OK', '', '', '', '', '', '', '', '', '']
sheetsService.ts:81 📊 Linha 28 normalizada: (17) ['', '1.50 LARANJA', '', '', '', '', '', '', '', '', '', '', '', '', '', '', '']
sheetsService.ts:81 📊 Linha 29 normalizada: (17) ['NM247-3 2,5 LJ', 'CABO FLEX 750V 2,50MM LJ 70G CL4 NM247-3 - SIL', '', 'ELÉTRICA', '1', '3', '', 'OK', '', '', '', '', '', '', '', '', '']
sheetsService.ts:81 📊 Linha 30 normalizada: (17) ['NM247-1X1,5MM  AZ CL', 'CABO FLEX 750V 1 1,5 MM AZ/CL  NM247-2 - RL100', '', 'ELÉTRICA', '1', '3', '', 'OK', '', '', '', '', '', '', '', '', '']
sheetsService.ts:81 📊 Linha 31 normalizada: (17) ['', '2.50 AZUL CLARO', '', '', '', '', '', '', '', '', '', '', '', '', '', '', '']
sheetsService.ts:81 📊 Linha 32 normalizada: (17) ['25292', 'FECHO LING STD MANOP YALE A=30', 'TASCO', 'ELÉTRICA', '5', '10', '', 'OK', '', '', '', '', '', '', '', '', '']
sheetsService.ts:81 📊 Linha 33 normalizada: (17) ['AC20340500', 'PUXADOR ALÇA DE NYLON - AN 130 - FURO-112MM', '', 'MECÂNICA', '20', '50', '', 'OK', '', '', '', '', '', '', '', '', '']
sheetsService.ts:81 📊 Linha 34 normalizada: (17) ['AC20074501', 'DOBRADIÇA PLANA ABERTURA 40X40', 'TASCO', 'MECÂNICA', '20', '60', '', 'ok', '', '', '', '', '', '', '', '', '']
sheetsService.ts:81 📊 Linha 35 normalizada: (17) ['788-384', 'MODULO DE RELES ENTRADA 24 VDC 2 CONTATOS REVERSIVEIS', 'WAGO', 'ELÉTRICA', '10', '25', '', 'OK', '', '', '', '', '', '', '', '', '']
sheetsService.ts:81 📊 Linha 36 normalizada: (17) ['SA-SB1', 'CAIXA DE ALUMINIO QUADRADA C/1 FUROS DE 22MM', 'AUTONICS', 'ELÉTRICA', '6', '12', '', 'OK', '', '', '', '', '', '', '', '', '']
sheetsService.ts:81 📊 Linha 37 normalizada: (17) ['SA-SB2', 'CAIXA DE ALUMINIO QUADRADA C/2 FUROS DE 22MM', 'AUTONICS', 'ELÉTRICA', '6', '12', '', 'OK', '', '', '', '', '', '', '', '', '']
sheetsService.ts:81 📊 Linha 38 normalizada: (17) ['SA-SB3', 'CAIXA DE ALUMINIO QUADRADA C/3 FUROS DE 22MM', 'AUTONICS', 'ELÉTRICA', '6', '12', '', 'OK', '', '', '', '', '', '', '', '', '']
sheetsService.ts:81 📊 Linha 39 normalizada: (17) ['SA-SB4', 'CAIXA DE ALUMINIO QUADRADA C/4 FUROS DE 22MM', 'AUTONICS', 'ELÉTRICA', '6', '12', '', 'OK', '', '', '', '', '', '', '', '', '']
sheetsService.ts:81 📊 Linha 40 normalizada: (17) ['SA-SB5', 'CAIXA DE ALUMINIO QUADRADA C/5 FUROS DE 22MM', 'AUTONICS', 'ELÉTRICA', '6', '12', '', 'OK', '', '', '', '', '', '', '', '', '']
sheetsService.ts:81 📊 Linha 41 normalizada: (17) ['210-804', 'ETIQUETA 99X44MM PRATEADO', 'WAGO', 'ELÉTRICA', '2', '5', '', 'OK', '', '', '', '', '', '', '', '', '']
sheetsService.ts:81 📊 Linha 42 normalizada: (17) ['PANW10/AD13PT', 'CONDUITE PA6 NW10 RL50 PRETO', 'GLOBAL', 'ELÉTRICA', '300', '1000', '', 'OK', '', '', '', '', '', '', '', '', '']
sheetsService.ts:81 📊 Linha 43 normalizada: (17) ['XA2EG21', 'CHAVE SELETORA COM CHAVE 2 POSIÇÕES 1NA', 'SCHINEIDER', 'ELÉTRICA', '2', '6', '', '', '', '', '', '', '', '', '', '', '']
sheetsService.ts:81 📊 Linha 44 normalizada: (17) ['XA2EG03', 'CHAVE SELETORA COM CHAVE 3 POSIÇÕES 2 NA', 'SCHINEIDER', 'ELÉTRICA', '2', '6', '', '', '', '', '', '', '', '', '', '', '']
sheetsService.ts:81 📊 Linha 45 normalizada: (17) ['XA2ED21', 'CHAVE SELETORA 2 POSIÇÕES FIXA 1NA', 'SCHINEIDER', 'ELÉTRICA', '5', '10', '', '', '', '', '', '', '', '', '', '', '']
sheetsService.ts:81 📊 Linha 46 normalizada: (17) ['XA2ED33', 'CHAVE SELETORA 3 POSIÇÕES FIXA 2NA', 'SCHINEIDER', 'ELÉTRICA', '5', '10', '', '', '', '', '', '', '', '', '', '', '']
sheetsService.ts:81 📊 Linha 47 normalizada: (17) ['210-850', 'Identificador de botão de pressão; 26,5 x 18 mm; prateado', 'WAGO', 'ELÉTRICA', '1', '3', '', '', '', '', '', '', '', '', '', '', '']
sheetsService.ts:81 📊 Linha 48 normalizada: (17) ['TLFX 32YE 3:1', 'MARCADOR TERMORETRATIL TLFX 32YE 3:1 AMARELO LISO', 'HELLERMAN', 'ELÉTRICA', '1', '2', '', '', '', '', '', '', '', '', '', '', '']
sheetsService.ts:81 📊 Linha 49 normalizada: (17) ['13625403', 'RELE DE SEGURANCA ELETROMECANICO 250G RETANGULAR 24VAC/DC  - SRB 301MC', 'SCHMERSAL', 'ELÉTRICA', '5', '10', '', '', '', '', '', '', '', '', '', '', '']
sheetsService.ts:81 📊 Linha 50 normalizada: (17) ['2009-110', 'ROLO DE FAIXAS DE IDENTIFICAÇÃO 50M - TIPO ENCAIXE - MARKING STRIP', 'WAGO', 'ELÉTRICA', '1', '2', '', '', '', '', '', '', '', '', '', '', '']
sheetsService.ts:81 📊 Linha 51 normalizada: (17) ['VD-410', 'REBITE ALUMINIO 4,00 X 10MM', '', 'ELÉTRICA', '1000', '3000', '', '', '', '', '', '', '', '', '', '', '']
sheetsService.ts:81 📊 Linha 52 normalizada: (17) ['TI-0,75S', 'TERMINAL ELETRICO ILHOS SIMPLES 0,75MM CINZA', '', 'ELÉTRICA', '1000', '3000', '', '', '', '', '', '', '', '', '', '', '']
sheetsService.ts:81 📊 Linha 53 normalizada: (17) ['AC22810903', 'DISCO DE CORTE 115X1.0X22 23 AR102', '', 'SERRALHERIA', '10', '30', '', '', '', '', '', '', '', '', '', '', '']
sheetsService.ts:81 📊 Linha 54 normalizada: (17) ['800101-0015', 'SERRA FITA 1/2 X 0,25 - DENTE 14-18 TPI - 1,64M', '', 'SERRALHERIA', '5', '10', '', '', '', '', '', '', '', '', '', '', '']
sheetsService.ts:81 📊 Linha 55 normalizada: (17) ['AC2024BOLHA', 'PLASTICO BOLHA', '', 'EMBALAGEM', '3', '6', '', '', '', '', '', '', '', '', '', '', '']
sheetsService.ts:81 📊 Linha 56 normalizada: (17) ['6020-REV1', 'ROLO FILME STRECH 500MM X  25MM', '', 'EMBALAGEM', '3', '6', '', '', '', '', '', '', '', '', '', '', '']
sheetsService.ts:81 📊 Linha 57 normalizada: (17) ['TI-0,75', 'TERMINAL ELETRICO ILHOS DUPLO CABO 2 X 0,75MM2 TAMANHO 8MM CINZA', '', 'ELÉTRICA', '1000', '3000', '', '', '', '', '', '', '', '', '', '', '']
sheetsService.ts:81 📊 Linha 58 normalizada: (17) ['XA2EC42', 'BOTÃO DE IMPULSO TIPO COGUMELO VM 1NF', 'SCHNEIDER', 'ELÉTRICA', '3', '5', '', '', '', '', '', '', '', '', '', '', '']
sheetsService.ts:81 📊 Linha 59 normalizada: (17) ['XA2EC31', 'BOTÃO DE IMPULSO TIPO COGUMELO VD 1NA', 'SCHNEIDER', 'ELÉTRICA', '3', '5', '', '', '', '', '', '', '', '', '', '', '']
sheetsService.ts:81 📊 Linha 60 normalizada: (17) ['787-712', 'FONTE DE ALIMENTAÇÃO 24VDC 2,5A', 'WAGO', 'ELÉTRICA', '10', '20', '', '', '', '', '', '', '', '', '', '', '']
sheetsService.ts:81 📊 Linha 61 normalizada: (17) ['787-1712', 'FONTE DE ALIMENTAÇÃO TENSÃO 24VDC 2,5 A ECO', 'WAGO', 'ELÉTRICA', '5', '10', '', '', '', '', '', '', '', '', '', '', '']
